=== 开始执行WES分析流程 ===
开始时间: Sat May 31 21:59:03 CST 2025
项目目录: /home/bio2502/course/2503/project
日志文件: /home/bio2502/course/2503/project/logs/pipeline_20250531_215903.log

[1/3] 启动Docker容器...
容器内开始执行...
=============================================
[2025-05-31 14:00:37] 开始处理样本: SRR21389034
=============================================
[1/7] 正在转换SRA到FASTQ...
命令: fasterq-dump /data/data/sra/SRR21389034/SRR21389034.sra -O /data/data/untrimmed
spots read      : 47,517,150
reads read      : 95,034,300
reads written   : 95,034,300
压缩FASTQ文件...
FASTQ文件已压缩: /data/data/untrimmed/SRR21389034_1.fastq.gz
FASTQ文件已压缩: /data/data/untrimmed/SRR21389034_2.fastq.gz
[2/7] 正在运行FastQC(原始数据)...
命令: fastqc /data/data/untrimmed/SRR21389034_1.fastq.gz -o /data/results/fastqc_untrimmed
application/gzip
Started analysis of SRR21389034_1.fastq.gz
Approx 5% complete for SRR21389034_1.fastq.gz
Approx 10% complete for SRR21389034_1.fastq.gz
Approx 15% complete for SRR21389034_1.fastq.gz
Approx 20% complete for SRR21389034_1.fastq.gz
Approx 25% complete for SRR21389034_1.fastq.gz
Approx 30% complete for SRR21389034_1.fastq.gz
Approx 35% complete for SRR21389034_1.fastq.gz
Approx 40% complete for SRR21389034_1.fastq.gz
Approx 45% complete for SRR21389034_1.fastq.gz
Approx 50% complete for SRR21389034_1.fastq.gz
Approx 55% complete for SRR21389034_1.fastq.gz
Approx 60% complete for SRR21389034_1.fastq.gz
Approx 65% complete for SRR21389034_1.fastq.gz
Approx 70% complete for SRR21389034_1.fastq.gz
Approx 75% complete for SRR21389034_1.fastq.gz
Approx 80% complete for SRR21389034_1.fastq.gz
Approx 85% complete for SRR21389034_1.fastq.gz
Approx 90% complete for SRR21389034_1.fastq.gz
Approx 95% complete for SRR21389034_1.fastq.gz
Analysis complete for SRR21389034_1.fastq.gz
命令: fastqc /data/data/untrimmed/SRR21389034_2.fastq.gz -o /data/results/fastqc_untrimmed
application/gzip
Started analysis of SRR21389034_2.fastq.gz
Approx 5% complete for SRR21389034_2.fastq.gz
Approx 10% complete for SRR21389034_2.fastq.gz
Approx 15% complete for SRR21389034_2.fastq.gz
Approx 20% complete for SRR21389034_2.fastq.gz
Approx 25% complete for SRR21389034_2.fastq.gz
Approx 30% complete for SRR21389034_2.fastq.gz
Approx 35% complete for SRR21389034_2.fastq.gz
Approx 40% complete for SRR21389034_2.fastq.gz
Approx 45% complete for SRR21389034_2.fastq.gz
Approx 50% complete for SRR21389034_2.fastq.gz
Approx 55% complete for SRR21389034_2.fastq.gz
Approx 60% complete for SRR21389034_2.fastq.gz
Approx 65% complete for SRR21389034_2.fastq.gz
Approx 70% complete for SRR21389034_2.fastq.gz
Approx 75% complete for SRR21389034_2.fastq.gz
Approx 80% complete for SRR21389034_2.fastq.gz
Approx 85% complete for SRR21389034_2.fastq.gz
Approx 90% complete for SRR21389034_2.fastq.gz
Approx 95% complete for SRR21389034_2.fastq.gz
Analysis complete for SRR21389034_2.fastq.gz
FastQC原始数据报告生成在: /data/results/fastqc_untrimmed
[3/7] 正在进行质量控制修剪...
命令: trimmomatic PE -threads 2 \
    /data/data/untrimmed/SRR21389034_1.fastq.gz /data/data/untrimmed/SRR21389034_2.fastq.gz \
    /data/data/trimmed/SRR21389034_1_paired.fastq.gz /data/data/trimmed/SRR21389034_1_unpaired.fastq.gz \
    /data/data/trimmed/SRR21389034_2_paired.fastq.gz /data/data/trimmed/SRR21389034_2_unpaired.fastq.gz \
    SLIDINGWINDOW:4:20 MINLEN:20
TrimmomaticPE: Started with arguments:
 -threads 2 /data/data/untrimmed/SRR21389034_1.fastq.gz /data/data/untrimmed/SRR21389034_2.fastq.gz /data/data/trimmed/SRR21389034_1_paired.fastq.gz /data/data/trimmed/SRR21389034_1_unpaired.fastq.gz /data/data/trimmed/SRR21389034_2_paired.fastq.gz /data/data/trimmed/SRR21389034_2_unpaired.fastq.gz SLIDINGWINDOW:4:20 MINLEN:20
Quality encoding detected as phred33
Input Read Pairs: 47517150 Both Surviving: 46301621 (97.44%) Forward Only Surviving: 1048149 (2.21%) Reverse Only Surviving: 101958 (0.21%) Dropped: 65422 (0.14%)
TrimmomaticPE: Completed successfully
修剪完成。输出文件:
-rw-r--r-- 1 root root 4.2G May 31 15:12 /data/data/trimmed/SRR21389034_1_paired.fastq.gz
-rw-r--r-- 1 root root  94M May 31 15:12 /data/data/trimmed/SRR21389034_1_unpaired.fastq.gz
-rw-r--r-- 1 root root 4.4G May 31 15:12 /data/data/trimmed/SRR21389034_2_paired.fastq.gz
-rw-r--r-- 1 root root 8.7M May 31 15:12 /data/data/trimmed/SRR21389034_2_unpaired.fastq.gz
[4/7] 正在运行FastQC(修剪后数据)...
命令: fastqc /data/data/trimmed/SRR21389034_1_paired.fastq.gz -o /data/results/fastqc_trimmed
application/gzip
Started analysis of SRR21389034_1_paired.fastq.gz
Approx 5% complete for SRR21389034_1_paired.fastq.gz
Approx 10% complete for SRR21389034_1_paired.fastq.gz
Approx 15% complete for SRR21389034_1_paired.fastq.gz
Approx 20% complete for SRR21389034_1_paired.fastq.gz
Approx 25% complete for SRR21389034_1_paired.fastq.gz
Approx 30% complete for SRR21389034_1_paired.fastq.gz
Approx 35% complete for SRR21389034_1_paired.fastq.gz
Approx 40% complete for SRR21389034_1_paired.fastq.gz
Approx 45% complete for SRR21389034_1_paired.fastq.gz
Approx 50% complete for SRR21389034_1_paired.fastq.gz
Approx 55% complete for SRR21389034_1_paired.fastq.gz
Approx 60% complete for SRR21389034_1_paired.fastq.gz
Approx 65% complete for SRR21389034_1_paired.fastq.gz
Approx 70% complete for SRR21389034_1_paired.fastq.gz
Approx 75% complete for SRR21389034_1_paired.fastq.gz
Approx 80% complete for SRR21389034_1_paired.fastq.gz
Approx 85% complete for SRR21389034_1_paired.fastq.gz
Approx 90% complete for SRR21389034_1_paired.fastq.gz
Approx 95% complete for SRR21389034_1_paired.fastq.gz
Analysis complete for SRR21389034_1_paired.fastq.gz
命令: fastqc /data/data/trimmed/SRR21389034_2_paired.fastq.gz -o /data/results/fastqc_trimmed
application/gzip
Started analysis of SRR21389034_2_paired.fastq.gz
Approx 5% complete for SRR21389034_2_paired.fastq.gz
Approx 10% complete for SRR21389034_2_paired.fastq.gz
Approx 15% complete for SRR21389034_2_paired.fastq.gz
Approx 20% complete for SRR21389034_2_paired.fastq.gz
Approx 25% complete for SRR21389034_2_paired.fastq.gz
Approx 30% complete for SRR21389034_2_paired.fastq.gz
Approx 35% complete for SRR21389034_2_paired.fastq.gz
Approx 40% complete for SRR21389034_2_paired.fastq.gz
Approx 45% complete for SRR21389034_2_paired.fastq.gz
Approx 50% complete for SRR21389034_2_paired.fastq.gz
Approx 55% complete for SRR21389034_2_paired.fastq.gz
Approx 60% complete for SRR21389034_2_paired.fastq.gz
Approx 65% complete for SRR21389034_2_paired.fastq.gz
Approx 70% complete for SRR21389034_2_paired.fastq.gz
Approx 75% complete for SRR21389034_2_paired.fastq.gz
Approx 80% complete for SRR21389034_2_paired.fastq.gz
Approx 85% complete for SRR21389034_2_paired.fastq.gz
Approx 90% complete for SRR21389034_2_paired.fastq.gz
Approx 95% complete for SRR21389034_2_paired.fastq.gz
Analysis complete for SRR21389034_2_paired.fastq.gz
FastQC修剪后数据报告生成在: /data/results/fastqc_trimmed
[5/7] 正在使用BWA进行比对...
命令: bwa mem -t 2 -R "@RG\tID:SRR21389034\tSM:SRR21389034\tPL:Illumina" \
    /data/data/ref/Homo_sapiens_assembly38.fasta \
    /data/data/trimmed/SRR21389034_1_paired.fastq.gz /data/data/trimmed/SRR21389034_2_paired.fastq.gz \
    > /data/results/sam/SRR21389034.sam
比对完成。SAM文件大小: 34G
[6/7] 正在处理BAM文件...
步骤6.1: 转换SAM到BAM
命令: samtools view -S -b /data/results/sam/SRR21389034.sam > /data/results/bam/SRR21389034.bam
BAM文件创建完成: /data/results/bam/SRR21389034.bam
步骤6.2: 排序BAM文件
命令: samtools sort -o /data/results/bam/SRR21389034.sorted.bam /data/results/bam/SRR21389034.bam
samtools: /opt/conda/bin/../lib/libtinfow.so.6: no version information available (required by samtools)
samtools: /opt/conda/bin/../lib/libncursesw.so.6: no version information available (required by samtools)
samtools: /opt/conda/bin/../lib/libncursesw.so.6: no version information available (required by samtools)
[E::hts_hopen] Failed to open file /data/results/bam/SRR21389034.bam
[E::hts_open_format] Failed to open file "/data/results/bam/SRR21389034.bam" : Exec format error
samtools sort: can't open "/data/results/bam/SRR21389034.bam": Exec format error

[3/3] 错误: 分析流程失败 (退出码: 1)
结束时间: Sun Jun  1 01:50:51 CST 2025
=== 分析流程执行完毕 ===
